C:\Program Files\Microsoft Visual Studio\2022\Community\MSBuild\Microsoft\VC\v170\Microsoft.CppBuild.targets(499,5): warning MSB8004: Intermediate Directory does not end with a trailing slash.  This build instance will add the slash as it is required to allow proper evaluation of the Intermediate Directory.
  rcore.c
C:\Users\lexx\Desktop\raylib_angle_test-main\src\rlgl.h(836,1): warning C4005: 'GL_READ_FRAMEBUFFER': macro redefinition
C:\Users\lexx\Desktop\raylib_angle_test-main\projects\VS2019.ANGLE\include\GLES3\gl32.h(818): message : see previous definition of 'GL_READ_FRAMEBUFFER'
C:\Users\lexx\Desktop\raylib_angle_test-main\src\rlgl.h(837,1): warning C4005: 'GL_DRAW_FRAMEBUFFER': macro redefinition
C:\Users\lexx\Desktop\raylib_angle_test-main\projects\VS2019.ANGLE\include\GLES3\gl32.h(819): message : see previous definition of 'GL_DRAW_FRAMEBUFFER'
C:\Users\lexx\Desktop\raylib_angle_test-main\src\rlgl.h(2123,5): warning C4090: 'function': different 'const' qualifiers
  rglfw.c
  rmodels.c
C:\Users\lexx\Desktop\raylib_angle_test-main\src\external\par_shapes.h(225,56): warning C4305: 'initializing': truncation from 'double' to 'float'
C:\Users\lexx\Desktop\raylib_angle_test-main\src\external\par_shapes.h(226,60): warning C4305: 'initializing': truncation from 'double' to 'float'
C:\Users\lexx\Desktop\raylib_angle_test-main\src\external\par_shapes.h(294,22): warning C4244: 'initializing': conversion from 'double' to 'float', possible loss of data
C:\Users\lexx\Desktop\raylib_angle_test-main\src\external\par_shapes.h(574,23): warning C4244: 'initializing': conversion from 'double' to 'float', possible loss of data
C:\Users\lexx\Desktop\raylib_angle_test-main\src\external\par_shapes.h(575,29): warning C4244: 'initializing': conversion from 'double' to 'float', possible loss of data
C:\Users\lexx\Desktop\raylib_angle_test-main\src\external\par_shapes.h(583,23): warning C4244: 'initializing': conversion from 'double' to 'float', possible loss of data
C:\Users\lexx\Desktop\raylib_angle_test-main\src\external\par_shapes.h(584,25): warning C4244: 'initializing': conversion from 'double' to 'float', possible loss of data
C:\Users\lexx\Desktop\raylib_angle_test-main\src\external\par_shapes.h(608,20): warning C4244: 'function': conversion from 'double' to 'float', possible loss of data
C:\Users\lexx\Desktop\raylib_angle_test-main\src\external\par_shapes.h(599,21): warning C4244: 'initializing': conversion from 'double' to 'float', possible loss of data
C:\Users\lexx\Desktop\raylib_angle_test-main\src\external\par_shapes.h(600,25): warning C4244: 'initializing': conversion from 'double' to 'float', possible loss of data
C:\Users\lexx\Desktop\raylib_angle_test-main\src\external\par_shapes.h(616,29): warning C4244: 'initializing': conversion from 'double' to 'float', possible loss of data
C:\Users\lexx\Desktop\raylib_angle_test-main\src\external\par_shapes.h(625,29): warning C4244: 'initializing': conversion from 'double' to 'float', possible loss of data
C:\Users\lexx\Desktop\raylib_angle_test-main\src\external\par_shapes.h(635,29): warning C4244: 'initializing': conversion from 'double' to 'float', possible loss of data
C:\Users\lexx\Desktop\raylib_angle_test-main\src\external\par_shapes.h(636,27): warning C4244: 'initializing': conversion from 'double' to 'float', possible loss of data
C:\Users\lexx\Desktop\raylib_angle_test-main\src\external\par_shapes.h(658,44): warning C4244: '=': conversion from 'double' to 'float', possible loss of data
C:\Users\lexx\Desktop\raylib_angle_test-main\src\external\par_shapes.h(660,44): warning C4244: '=': conversion from 'double' to 'float', possible loss of data
C:\Users\lexx\Desktop\raylib_angle_test-main\src\external\par_shapes.h(661,21): warning C4244: '=': conversion from 'double' to 'float', possible loss of data
C:\Users\lexx\Desktop\raylib_angle_test-main\src\external\par_shapes.h(667,16): warning C4244: '=': conversion from 'double' to 'float', possible loss of data
C:\Users\lexx\Desktop\raylib_angle_test-main\src\external\par_shapes.h(668,16): warning C4244: '=': conversion from 'double' to 'float', possible loss of data
C:\Users\lexx\Desktop\raylib_angle_test-main\src\external\par_shapes.h(669,16): warning C4244: '=': conversion from 'double' to 'float', possible loss of data
C:\Users\lexx\Desktop\raylib_angle_test-main\src\external\par_shapes.h(650,37): warning C4244: 'initializing': conversion from 'double' to 'const float', possible loss of data
C:\Users\lexx\Desktop\raylib_angle_test-main\src\external\par_shapes.h(651,31): warning C4244: 'initializing': conversion from 'double' to 'const float', possible loss of data
C:\Users\lexx\Desktop\raylib_angle_test-main\src\external\par_shapes.h(652,23): warning C4244: 'initializing': conversion from 'double' to 'const float', possible loss of data
C:\Users\lexx\Desktop\raylib_angle_test-main\src\external\par_shapes.h(653,23): warning C4244: 'initializing': conversion from 'double' to 'const float', possible loss of data
C:\Users\lexx\Desktop\raylib_angle_test-main\src\external\par_shapes.h(654,23): warning C4244: 'initializing': conversion from 'double' to 'const float', possible loss of data
C:\Users\lexx\Desktop\raylib_angle_test-main\src\external\par_shapes.h(655,23): warning C4244: 'initializing': conversion from 'double' to 'const float', possible loss of data
C:\Users\lexx\Desktop\raylib_angle_test-main\src\external\par_shapes.h(727,28): warning C4244: '=': conversion from 'double' to 'float', possible loss of data
C:\Users\lexx\Desktop\raylib_angle_test-main\src\external\par_shapes.h(728,28): warning C4244: '=': conversion from 'double' to 'float', possible loss of data
C:\Users\lexx\Desktop\raylib_angle_test-main\src\external\par_shapes.h(752,33): warning C4244: 'function': conversion from 'double' to 'float', possible loss of data
C:\Users\lexx\Desktop\raylib_angle_test-main\src\external\par_shapes.h(726,38): warning C4244: 'initializing': conversion from 'double' to 'float', possible loss of data
C:\Users\lexx\Desktop\raylib_angle_test-main\src\external\par_shapes.h(835,35): warning C4244: '=': conversion from 'int' to 'float', possible loss of data
C:\Users\lexx\Desktop\raylib_angle_test-main\src\external\par_shapes.h(836,35): warning C4244: '=': conversion from 'int' to 'float', possible loss of data
C:\Users\lexx\Desktop\raylib_angle_test-main\src\external\par_shapes.h(837,35): warning C4244: '=': conversion from 'int' to 'float', possible loss of data
C:\Users\lexx\Desktop\raylib_angle_test-main\src\external\par_shapes.h(883,1): warning C4305: 'initializing': truncation from 'double' to 'float'
C:\Users\lexx\Desktop\raylib_angle_test-main\src\external\par_shapes.h(931,1): warning C4305: 'initializing': truncation from 'double' to 'float'
C:\Users\lexx\Desktop\raylib_angle_test-main\src\external\par_shapes.h(1031,1): warning C4305: 'initializing': truncation from 'double' to 'float'
C:\Users\lexx\Desktop\raylib_angle_test-main\src\external\par_shapes.h(1362,25): warning C4244: '=': conversion from 'double' to 'float', possible loss of data
C:\Users\lexx\Desktop\raylib_angle_test-main\src\external\par_shapes.h(1364,58): warning C4244: 'function': conversion from 'double' to 'float', possible loss of data
C:\Users\lexx\Desktop\raylib_angle_test-main\src\external\par_shapes.h(1366,58): warning C4244: 'function': conversion from 'double' to 'float', possible loss of data
C:\Users\lexx\Desktop\raylib_angle_test-main\src\external\par_shapes.h(1368,58): warning C4244: 'function': conversion from 'double' to 'float', possible loss of data
C:\Users\lexx\Desktop\raylib_angle_test-main\src\external\par_shapes.h(1525,38): warning C4305: 'function': truncation from 'double' to 'float'
C:\Users\lexx\Desktop\raylib_angle_test-main\src\external\par_shapes.h(1542,20): warning C4244: '*=': conversion from 'double' to 'float', possible loss of data
C:\Users\lexx\Desktop\raylib_angle_test-main\src\external\par_shapes.h(1543,20): warning C4244: '*=': conversion from 'double' to 'float', possible loss of data
C:\Users\lexx\Desktop\raylib_angle_test-main\src\external\par_shapes.h(1544,20): warning C4244: '*=': conversion from 'double' to 'float', possible loss of data
C:\Users\lexx\Desktop\raylib_angle_test-main\src\external\par_shapes.h(1546,39): warning C4244: '=': conversion from 'double' to 'float', possible loss of data
C:\Users\lexx\Desktop\raylib_angle_test-main\src\external\par_shapes.h(1830,33): warning C4244: 'function': conversion from 'double' to 'float', possible loss of data
C:\Users\lexx\Desktop\raylib_angle_test-main\src\external\par_shapes.h(1830,49): warning C4244: 'function': conversion from 'double' to 'float', possible loss of data
C:\Users\lexx\Desktop\raylib_angle_test-main\src\external\par_shapes.h(1830,65): warning C4244: 'function': conversion from 'double' to 'float', possible loss of data
C:\Users\lexx\Desktop\raylib_angle_test-main\src\external\par_shapes.h(1799,30): warning C4244: 'initializing': conversion from 'int' to 'float', possible loss of data
C:\Users\lexx\Desktop\raylib_angle_test-main\src\rmodels.c(4867,47): warning C4018: '<': signed/unsigned mismatch
C:\Users\lexx\Desktop\raylib_angle_test-main\src\rmodels.c(4881,47): warning C4018: '<': signed/unsigned mismatch
C:\Users\lexx\Desktop\raylib_angle_test-main\src\rmodels.c(4916,43): warning C4018: '<': signed/unsigned mismatch
C:\Users\lexx\Desktop\raylib_angle_test-main\src\rmodels.c(4928,35): warning C4018: '<': signed/unsigned mismatch
  rshapes.c
  rtext.c
  rtextures.c
  utils.c
  Generating Code...
libGLESv2.dll.lib(libGLESv2.dll) : warning LNK4006: __NULL_IMPORT_DESCRIPTOR already defined in libEGL.dll.lib(libEGL.dll); second definition ignored
  raylib.vcxproj -> C:\Users\lexx\Desktop\raylib_angle_test-main\projects\VS2019.ANGLE\raylib\Debug\raylib.lib
